0 info it worked if it ends with ok
1 verbose cli [ '/usr/local/bin/node', '/usr/local/bin/npm', 'run', 'build' ]
2 info using npm@4.1.2
3 info using node@v7.5.0
4 verbose run-script [ 'prebuild', 'build', 'postbuild' ]
5 info lifecycle ngx-mobx@1.1.1~prebuild: ngx-mobx@1.1.1
6 silly lifecycle ngx-mobx@1.1.1~prebuild: no script for prebuild, continuing
7 info lifecycle ngx-mobx@1.1.1~build: ngx-mobx@1.1.1
8 verbose lifecycle ngx-mobx@1.1.1~build: unsafe-perm in lifecycle true
9 verbose lifecycle ngx-mobx@1.1.1~build: PATH: /usr/local/lib/node_modules/npm/bin/node-gyp-bin:/Users/netanelbasal/www/ngx-mobx/node_modules/.bin:/Users/netanelbasal/bin:/usr/local/bin:/usr/local/bin:/usr/bin:/bin:/usr/sbin:/sbin:/Users/netanelbasal/bin
10 verbose lifecycle ngx-mobx@1.1.1~build: CWD: /Users/netanelbasal/www/ngx-mobx
11 silly lifecycle ngx-mobx@1.1.1~build: Args: [ '-c', 'rm -rf ./dist && ngc -p tsconfig.json' ]
12 silly lifecycle ngx-mobx@1.1.1~build: Returned: code: 1  signal: null
13 info lifecycle ngx-mobx@1.1.1~build: Failed to exec build script
14 verbose stack Error: ngx-mobx@1.1.1 build: `rm -rf ./dist && ngc -p tsconfig.json`
14 verbose stack Exit status 1
14 verbose stack     at EventEmitter.<anonymous> (/usr/local/lib/node_modules/npm/lib/utils/lifecycle.js:279:16)
14 verbose stack     at emitTwo (events.js:106:13)
14 verbose stack     at EventEmitter.emit (events.js:192:7)
14 verbose stack     at ChildProcess.<anonymous> (/usr/local/lib/node_modules/npm/lib/utils/spawn.js:40:14)
14 verbose stack     at emitTwo (events.js:106:13)
14 verbose stack     at ChildProcess.emit (events.js:192:7)
14 verbose stack     at maybeClose (internal/child_process.js:890:16)
14 verbose stack     at Process.ChildProcess._handle.onexit (internal/child_process.js:226:5)
15 verbose pkgid ngx-mobx@1.1.1
16 verbose cwd /Users/netanelbasal/www/ngx-mobx
17 error Darwin 16.0.0
18 error argv "/usr/local/bin/node" "/usr/local/bin/npm" "run" "build"
19 error node v7.5.0
20 error npm  v4.1.2
21 error code ELIFECYCLE
22 error ngx-mobx@1.1.1 build: `rm -rf ./dist && ngc -p tsconfig.json`
22 error Exit status 1
23 error Failed at the ngx-mobx@1.1.1 build script 'rm -rf ./dist && ngc -p tsconfig.json'.
23 error Make sure you have the latest version of node.js and npm installed.
23 error If you do, this is most likely a problem with the ngx-mobx package,
23 error not with npm itself.
23 error Tell the author that this fails on your system:
23 error     rm -rf ./dist && ngc -p tsconfig.json
23 error You can get information on how to open an issue for this project with:
23 error     npm bugs ngx-mobx
23 error Or if that isn't available, you can get their info via:
23 error     npm owner ls ngx-mobx
23 error There is likely additional logging output above.
24 verbose exit [ 1, true ]
