Arguments: 
  /usr/local/bin/node /usr/local/bin/yarn

PATH: 
  /Users/netanelbasal/bin:/usr/local/bin:/usr/local/bin:/usr/bin:/bin:/usr/sbin:/sbin:/Users/netanelbasal/bin

Yarn version: 
  0.16.1

Node version: 
  7.5.0

Platform: 
  darwin x64

npm manifest: 
  {
    "name": "ngx-mobx",
    "version": "1.1.1",
    "description": "Mobx decorators for Angular Applications",
    "main": "dist/index.js",
    "typings": "./dist/index.d.ts",
    "jest": {
      "moduleFileExtensions": [
        "ts",
        "js"
      ],
      "transform": {
        "\\.(ts)$": "<rootDir>/node_modules/ts-jest/preprocessor.js"
      },
      "testRegex": "/__tests__/.*\\.(ts|js)$"
    },
    "scripts": {
      "build": "rm -rf ./dist && ngc -p tsconfig.json",
      "test": "jest",
      "commit": "git cz",
      "prepublish": "npm run build",
      "setup": "semantic-release-cli setup",
      "semantic-release": "semantic-release pre && npm publish && semantic-release post"
    },
    "config": {
      "commitizen": {
        "path": "node_modules/cz-conventional-changelog"
      }
    },
    "repository": {
      "type": "git",
      "url": "https://github.com/NetanelBasal/ngx-mobx"
    },
    "license": "MIT",
    "author": "Netanel Basal",
    "keywords": [
      "mobx decorators",
      "rxjs mobx",
      "angular mobx",
      "decorators",
      "autorun decorator",
      "cleaner decorator"
    ],
    "devDependencies": {
      "@angular/compiler-cli": "^4.4.6",
      "@types/jest": "^20.0.8",
      "@types/reflect-metadata": "0.0.5",
      "commitizen": "^2.9.6",
      "conventional-changelog-cli": "^1.3.3",
      "cz-conventional-changelog": "^2.0.0",
      "jest": "^21.0.1",
      "mobx": "^3.3.1",
      "rxjs": "^5.5.2",
      "semantic-release": "^7.0.2",
      "semantic-release-cli": "^3.0.3",
      "ts-jest": "^21.0.0",
      "typescript": "^2.5.2"
    },
    "dependencies": {
      "@angular/core": "^4.4.6",
      "@angular/compiler": "^4.4.6",
      "reflect-metadata": "^0.1.10"
    }
  }

yarn manifest: 
  No manifest

bower manifest: 
  No manifest

Lockfile: 
  No lockfile

Trace: 
  Error: EACCES: permission denied, scandir '/Users/netanelbasal/.yarn-cache/npm-tmp-0.0.29/x'
